<?xml version="1.0" encoding="UTF-8"?>
<!-- Generated by org.testng.reporters.JUnitReportReporter -->
<testsuite hostname="LAPTOP-AQKQSS85" failures="0" tests="2" name="com.neotech.review01.GroupsDemo" time="0.020" errors="0" timestamp="2025-02-03T23:19:52 PST" skipped="0">
  <testcase classname="com.neotech.review01.GroupsDemo" name="generalTest" time="0.018"/>
  <system-out/>
  <testcase classname="com.neotech.review01.GroupsDemo" name="smokeTest" time="0.002"/>
  <system-out/>
</testsuite> <!-- com.neotech.review01.GroupsDemo -->
