<?xml version="1.0" encoding="UTF-8"?>
<!-- Generated by org.testng.reporters.JUnitReportReporter -->
<testsuite hostname="LAPTOP-AQKQSS85" failures="0" tests="3" name="com.neotech.review01.DataDrivenTest" time="0.029" errors="0" timestamp="2025-02-03T23:03:46 PST" skipped="0">
  <testcase classname="com.neotech.review01.DataDrivenTest" name="loginTest" time="0.019"/>
  <system-out/>
  <testcase classname="com.neotech.review01.DataDrivenTest" name="loginTest" time="0.003"/>
  <system-out/>
  <testcase classname="com.neotech.review01.DataDrivenTest" name="loginTest" time="0.007"/>
  <system-out/>
</testsuite> <!-- com.neotech.review01.DataDrivenTest -->
