<?xml version="1.0" encoding="UTF-8"?>
<!-- Generated by org.testng.reporters.JUnitReportReporter -->
<testsuite hostname="LAPTOP-AQKQSS85" failures="0" tests="3" name="com.neotech.lesson03.DataProviderDemo" time="20.674" errors="0" timestamp="2025-01-31T22:49:35 PST" skipped="0">
  <testcase classname="com.neotech.lesson03.DataProviderDemo" name="loginFunctionality" time="6.228"/>
  <system-out/>
  <testcase classname="com.neotech.lesson03.DataProviderDemo" name="loginFunctionality" time="6.097"/>
  <system-out/>
  <testcase classname="com.neotech.lesson03.DataProviderDemo" name="loginFunctionality" time="8.349"/>
  <system-out/>
</testsuite> <!-- com.neotech.lesson03.DataProviderDemo -->
