<?xml version="1.0" encoding="UTF-8"?>
<!-- Generated by org.testng.reporters.JUnitReportReporter -->
<testsuite hostname="LAPTOP-AQKQSS85" failures="0" tests="5" name="com.neotech.lesson03.Homework1" time="0.020" errors="0" timestamp="2025-01-31T22:06:45 PST" skipped="1">
  <testcase classname="com.neotech.lesson03.Homework1" name="fourthMethod" time="0.016"/>
  <system-out/>
  <testcase classname="com.neotech.lesson03.Homework1" name="thirdMethod" time="0.002"/>
  <system-out/>
  <testcase classname="com.neotech.lesson03.Homework1" name="secondMethod" time="0.001"/>
  <system-out/>
  <testcase classname="com.neotech.lesson03.Homework1" name="firstMethod" time="0.001"/>
  <system-out/>
  <testcase classname="com.neotech.lesson03.Homework1" name="firstMethod1">
    <skipped/>
  </testcase> <!-- firstMethod1 -->
  <system-out/>
</testsuite> <!-- com.neotech.lesson03.Homework1 -->
