<?xml version="1.0" encoding="UTF-8"?>
<!-- Generated by org.testng.reporters.JUnitReportReporter -->
<testsuite hostname="LAPTOP-AQKQSS85" failures="0" tests="3" name="com.neotech.lesson01.TestNGAnnotations" time="0.026" errors="0" timestamp="2025-01-27T22:24:28 PST" skipped="0">
  <testcase classname="com.neotech.lesson01.TestNGAnnotations" name="test1" time="0.015"/>
  <system-out/>
  <testcase classname="com.neotech.lesson01.TestNGAnnotations" name="test2" time="0.002"/>
  <system-out/>
  <testcase classname="com.neotech.lesson01.TestNGAnnotations" name="test3" time="0.009"/>
  <system-out/>
</testsuite> <!-- com.neotech.lesson01.TestNGAnnotations -->
