<?xml version="1.0" encoding="UTF-8"?>
<!-- Generated by org.testng.reporters.JUnitReportReporter -->
<testsuite hostname="LAPTOP-AQKQSS85" failures="0" tests="1" name="com.neotech.lesson01.HW" time="4.575" errors="0" timestamp="2025-01-27T23:01:22 PST" skipped="0">
  <testcase classname="com.neotech.lesson01.HW" name="errorMessageValidation" time="4.575"/>
  <system-out/>
</testsuite> <!-- com.neotech.lesson01.HW -->
