<?xml version="1.0" encoding="UTF-8"?>
<!-- Generated by org.testng.reporters.JUnitReportReporter -->
<testsuite hostname="LAPTOP-AQKQSS85" failures="0" tests="4" name="com.neotech.lesson01.TestNGDemo" time="0.023" errors="0" timestamp="2025-02-02T09:01:01 PST" skipped="0">
  <testcase classname="com.neotech.lesson01.TestNGDemo" name="testOneA" time="0.001"/>
  <system-out/>
  <testcase classname="com.neotech.lesson01.TestNGDemo" name="testOne1" time="0.017"/>
  <system-out/>
  <testcase classname="com.neotech.lesson01.TestNGDemo" name="testThree" time="0.003"/>
  <system-out/>
  <testcase classname="com.neotech.lesson01.TestNGDemo" name="testTwo" time="0.002"/>
  <system-out/>
</testsuite> <!-- com.neotech.lesson01.TestNGDemo -->
