<?xml version="1.0" encoding="UTF-8"?>
<!-- Generated by org.testng.reporters.JUnitReportReporter -->
<testsuite hostname="LAPTOP-AQKQSS85" failures="0" tests="3" name="com.neotech.lesson03.HW1" time="102.679" errors="0" timestamp="2025-02-01T00:05:11 PST" skipped="0">
  <testcase classname="com.neotech.lesson03.HW1" name="labelsValidation" time="32.989"/>
  <system-out/>
  <testcase classname="com.neotech.lesson03.HW1" name="labelsValidation" time="37.619"/>
  <system-out/>
  <testcase classname="com.neotech.lesson03.HW1" name="labelsValidation" time="32.071"/>
  <system-out/>
</testsuite> <!-- com.neotech.lesson03.HW1 -->
