<?xml version="1.0" encoding="UTF-8"?>
<!-- Generated by org.testng.reporters.JUnitReportReporter -->
<testsuite hostname="LAPTOP-AQKQSS85" failures="0" tests="1" name="com.neotech.lesson04.Homework1" time="0.000" errors="0" timestamp="2025-02-03T22:16:03 PST" skipped="1">
  <testcase classname="com.neotech.lesson04.Homework1" name="addEmployee" time="0.000">
    <skipped/>
  </testcase> <!-- addEmployee -->
  <system-out/>
</testsuite> <!-- com.neotech.lesson04.Homework1 -->
