<?xml version="1.0" encoding="UTF-8"?>
<!-- Generated by org.testng.reporters.JUnitReportReporter -->
<testsuite hostname="LAPTOP-AQKQSS85" failures="0" tests="2" name="com.neotech.lesson01.TestNGMoreAnnotations" time="0.008" errors="0" timestamp="2025-01-28T18:47:40 PST" skipped="0">
  <testcase classname="com.neotech.lesson01.TestNGMoreAnnotations" name="testTwo" time="0.002"/>
  <system-out/>
  <testcase classname="com.neotech.lesson01.TestNGMoreAnnotations" name="testOne" time="0.006"/>
  <system-out/>
</testsuite> <!-- com.neotech.lesson01.TestNGMoreAnnotations -->
