<?xml version="1.0" encoding="UTF-8"?>
<!-- Generated by org.testng.reporters.JUnitReportReporter -->
<testsuite hostname="LAPTOP-AQKQSS85" failures="0" tests="3" name="com.neotech.lesson03.GroupsDemo" time="0.022" errors="0" timestamp="2025-02-02T11:06:14 PST" skipped="0">
  <testcase classname="com.neotech.lesson03.GroupsDemo" name="test4" time="0.002"/>
  <system-out/>
  <testcase classname="com.neotech.lesson03.GroupsDemo" name="test1" time="0.018"/>
  <system-out/>
  <testcase classname="com.neotech.lesson03.GroupsDemo" name="test2" time="0.002"/>
  <system-out/>
</testsuite> <!-- com.neotech.lesson03.GroupsDemo -->
