<?xml version="1.0" encoding="UTF-8"?>
<!-- Generated by org.testng.reporters.JUnitReportReporter -->
<testsuite hostname="LAPTOP-AQKQSS85" failures="0" tests="3" name="com.neotech.review01.TestParameters" time="0.019" errors="0" timestamp="2025-02-03T23:09:03 PST" skipped="1">
  <testcase classname="com.neotech.review01.TestParameters" name="methodC" time="0.018"/>
  <system-out/>
  <testcase classname="com.neotech.review01.TestParameters" name="methodA" time="0.001"/>
  <system-out/>
  <testcase classname="com.neotech.review01.TestParameters" name="methodB">
    <skipped/>
  </testcase> <!-- methodB -->
  <system-out/>
</testsuite> <!-- com.neotech.review01.TestParameters -->
