<?xml version="1.0" encoding="UTF-8"?>
<!-- Generated by org.testng.reporters.JUnitReportReporter -->
<testsuite hostname="LAPTOP-AQKQSS85" failures="0" tests="2" name="com.neotech.lesson02.Homework1" time="22.018" errors="0" timestamp="2025-01-29T22:25:36 PST" skipped="0">
  <testcase classname="com.neotech.lesson02.Homework1" name="negativeLoginValidation" time="10.853"/>
  <system-out/>
  <testcase classname="com.neotech.lesson02.Homework1" name="loginValidation" time="11.165"/>
  <system-out/>
</testsuite> <!-- com.neotech.lesson02.Homework1 -->
