<?xml version="1.0" encoding="UTF-8"?>
<!-- Generated by org.testng.reporters.JUnitReportReporter -->
<testsuite hostname="LAPTOP-AQKQSS85" failures="0" tests="4" name="com.neotech.lesson02.PriorityDemo" time="0.022" errors="0" timestamp="2025-01-29T22:38:00 PST" skipped="0">
  <testcase classname="com.neotech.lesson02.PriorityDemo" name="thirdTest" time="0.017"/>
  <system-out/>
  <testcase classname="com.neotech.lesson02.PriorityDemo" name="firstTest" time="0.002"/>
  <system-out/>
  <testcase classname="com.neotech.lesson02.PriorityDemo" name="secondTest" time="0.002"/>
  <system-out/>
  <testcase classname="com.neotech.lesson02.PriorityDemo" name="forthTest" time="0.001"/>
  <system-out/>
</testsuite> <!-- com.neotech.lesson02.PriorityDemo -->
