<?xml version="1.0" encoding="UTF-8"?>
<!-- Generated by org.testng.reporters.JUnitReportReporter -->
<testsuite hostname="LAPTOP-AQKQSS85" failures="0" tests="1" name="com.neotech.lesson02.SoftAssertDemo" time="9.401" errors="0" timestamp="2025-01-29T23:03:27 PST" skipped="0">
  <testcase classname="com.neotech.lesson02.SoftAssertDemo" name="logoAndLoginValidation" time="9.401"/>
  <system-out/>
</testsuite> <!-- com.neotech.lesson02.SoftAssertDemo -->
